[2022-04-1617:46:44] [ ERROR] [GlobalExceptionHandler:18] JSON parse error: Cannot deserialize value of type `java.time.LocalDateTime` from String "2022-06-28 15:30": Failed to deserialize java.time.LocalDateTime: (java.time.format.DateTimeParseException) Text '2022-06-28 15:30' could not be parsed at index 10; nested exception is com.fasterxml.jackson.databind.exc.InvalidFormatException: Cannot deserialize value of type `java.time.LocalDateTime` from String "2022-06-28 15:30": Failed to deserialize java.time.LocalDateTime: (java.time.format.DateTimeParseException) Text '2022-06-28 15:30' could not be parsed at index 10
 at [Source: (org.springframework.util.StreamUtils$NonClosingInputStream); line: 2, column: 17] (through reference chain: com.example.dentistsOffice.model.DTO.AppointmentDTO["dateTime"])
[2022-04-1617:52:12] [ ERROR] [GlobalExceptionHandler:18] JSON parse error: Cannot deserialize value of type `java.time.LocalDateTime` from String "2022-06-28 15:30": Failed to deserialize java.time.LocalDateTime: (java.time.format.DateTimeParseException) Text '2022-06-28 15:30' could not be parsed at index 10; nested exception is com.fasterxml.jackson.databind.exc.InvalidFormatException: Cannot deserialize value of type `java.time.LocalDateTime` from String "2022-06-28 15:30": Failed to deserialize java.time.LocalDateTime: (java.time.format.DateTimeParseException) Text '2022-06-28 15:30' could not be parsed at index 10
 at [Source: (org.springframework.util.StreamUtils$NonClosingInputStream); line: 2, column: 17] (through reference chain: com.example.dentistsOffice.model.DTO.AppointmentDTO["dateTime"])
[2022-04-1617:53:44] [ ERROR] [GlobalExceptionHandler:18] Cannot deserialize value of type `java.time.LocalDateTime` from String "2020-12-31T15:53:16.450.45.4": Failed to deserialize java.time.LocalDateTime: (java.time.format.DateTimeParseException) Text '2020-12-31T15:53:16.450.45.4' could not be parsed, unparsed text found at index 23
 at [Source: UNKNOWN; byte offset: #UNKNOWN] (through reference chain: com.example.dentistsOffice.model.Appointment["dateTime"])
[2022-04-1617:56:40] [ ERROR] [GlobalExceptionHandler:18] JSON parse error: Cannot deserialize value of type `java.time.LocalDateTime` from String "2020-12-31 15:53": Failed to deserialize java.time.LocalDateTime: (java.time.format.DateTimeParseException) Text '2020-12-31 15:53' could not be parsed at index 10; nested exception is com.fasterxml.jackson.databind.exc.InvalidFormatException: Cannot deserialize value of type `java.time.LocalDateTime` from String "2020-12-31 15:53": Failed to deserialize java.time.LocalDateTime: (java.time.format.DateTimeParseException) Text '2020-12-31 15:53' could not be parsed at index 10
 at [Source: (org.springframework.util.StreamUtils$NonClosingInputStream); line: 3, column: 17] (through reference chain: com.example.dentistsOffice.model.DTO.AppointmentDTO["dateTime"])
[2022-04-1618:03:16] [ ERROR] [GlobalExceptionHandler:18] Required URI template variable 'id' for method parameter type Long is not present
[2022-04-1618:10:26] [ ERROR] [GlobalExceptionHandler:18] Request method 'DELETE' not supported
[2022-04-1618:11:13] [ ERROR] [GlobalExceptionHandler:18] could not execute statement; SQL [n/a]; constraint ["FKTE9SAE5NG05TAEUJ1TCR7VOPT: PUBLIC.PATIENTS FOREIGN KEY(ID_ADDRESS) REFERENCES PUBLIC.DOMICILES(ID) (CAST(3 AS BIGINT))"; SQL statement:
delete from domiciles where id=? [23503-210]]; nested exception is org.hibernate.exception.ConstraintViolationException: could not execute statement
[2022-04-1618:21:58] [ ERROR] [GlobalExceptionHandler:18] could not execute statement; SQL [n/a]; constraint ["FKHUW8A8U4TGYMVWEGRVT94L1SQ: PUBLIC.PATIENTS FOREIGN KEY(ADDRESS_ID) REFERENCES PUBLIC.DOMICILES(ID) (CAST(7 AS BIGINT))"; SQL statement:
delete from domiciles where id=? [23503-210]]; nested exception is org.hibernate.exception.ConstraintViolationException: could not execute statement
[2022-04-1618:48:34] [ ERROR] [GlobalExceptionHandler:18] could not execute statement; SQL [n/a]; constraint ["FK8EXAP5WMG8KMB1G1RX3BY21YT: PUBLIC.APPOINTMENTS FOREIGN KEY(PATIENT_ID) REFERENCES PUBLIC.PATIENTS(ID) (CAST(4 AS BIGINT))"; SQL statement:
delete from patients where id=? [23503-210]]; nested exception is org.hibernate.exception.ConstraintViolationException: could not execute statement
[2022-04-1818:12:09] [ ERROR] [GlobalExceptionHandler:18] JSON parse error: Cannot deserialize value of type `int` from String "ncdsjkcn": not a valid `int` value; nested exception is com.fasterxml.jackson.databind.exc.InvalidFormatException: Cannot deserialize value of type `int` from String "ncdsjkcn": not a valid `int` value
 at [Source: (org.springframework.util.StreamUtils$NonClosingInputStream); line: 1, column: 8] (through reference chain: com.example.dentistsOffice.model.DTO.PatientDTO["dni"])
[2022-04-1918:21:49] [ ERROR] [GlobalExceptionHandler:18] Required request body is missing: public org.springframework.http.ResponseEntity<?> com.example.dentistsOffice.controller.DentistController.createDentist(com.example.dentistsOffice.model.DTO.DentistDTO)
[2022-04-2009:37:47] [ ERROR] [GlobalExceptionHandler:18] could not execute statement; SQL [n/a]; constraint [FK8EXAP5WMG8KMB1G1RX3BY21YT]; nested exception is org.hibernate.exception.ConstraintViolationException: could not execute statement
[2022-04-2009:42:22] [ ERROR] [GlobalExceptionHandler:18] detached entity passed to persist: com.example.dentistsOffice.model.Domicile; nested exception is org.hibernate.PersistentObjectException: detached entity passed to persist: com.example.dentistsOffice.model.Domicile
[2022-04-2010:21:54] [ ERROR] [GlobalExceptionHandler:18] Request method 'DELETE' not supported
[2022-04-2010:26:44] [ ERROR] [GlobalExceptionHandler:18] detached entity passed to persist: com.example.dentistsOffice.model.Domicile; nested exception is org.hibernate.PersistentObjectException: detached entity passed to persist: com.example.dentistsOffice.model.Domicile
[2022-04-2010:27:57] [ ERROR] [GlobalExceptionHandler:18] detached entity passed to persist: com.example.dentistsOffice.model.Domicile; nested exception is org.hibernate.PersistentObjectException: detached entity passed to persist: com.example.dentistsOffice.model.Domicile
[2022-04-2010:28:43] [ ERROR] [GlobalExceptionHandler:18] not-null property references a null or transient value : com.example.dentistsOffice.model.Appointment.dentist; nested exception is org.hibernate.PropertyValueException: not-null property references a null or transient value : com.example.dentistsOffice.model.Appointment.dentist
